  317144262_PROYECTOFINAL2024-1_GRUPO07.cpp
D:\FI UNAM SEMESTRES\Semestre 9\Compu Gráfica\Git\Proyecto\Proyecto-CG\ProyectoFinal\317144262_PROYECTOFINAL2024-1_GRUPO07.cpp(295,21): warning C4305: '+=': truncamiento de 'double' a 'float'
D:\FI UNAM SEMESTRES\Semestre 9\Compu Gráfica\Git\Proyecto\Proyecto-CG\ProyectoFinal\317144262_PROYECTOFINAL2024-1_GRUPO07.cpp(304,7): warning C4101: 'keys': variable local sin referencia
D:\FI UNAM SEMESTRES\Semestre 9\Compu Gráfica\Git\Proyecto\Proyecto-CG\ProyectoFinal\317144262_PROYECTOFINAL2024-1_GRUPO07.cpp(325,7): warning C4101: 'keys': variable local sin referencia
D:\FI UNAM SEMESTRES\Semestre 9\Compu Gráfica\Git\Proyecto\Proyecto-CG\ProyectoFinal\317144262_PROYECTOFINAL2024-1_GRUPO07.cpp(637,24): warning C4244: 'inicializando': conversión de 'double' a 'GLfloat'; posible pérdida de datos
D:\FI UNAM SEMESTRES\Semestre 9\Compu Gráfica\Git\Proyecto\Proyecto-CG\ProyectoFinal\317144262_PROYECTOFINAL2024-1_GRUPO07.cpp(1290,11): warning C4244: '=': conversión de 'double' a 'GLfloat'; posible pérdida de datos
D:\FI UNAM SEMESTRES\Semestre 9\Compu Gráfica\Git\Proyecto\Proyecto-CG\ProyectoFinal\317144262_PROYECTOFINAL2024-1_GRUPO07.cpp(1291,11): warning C4244: '=': conversión de 'double' a 'GLfloat'; posible pérdida de datos
D:\FI UNAM SEMESTRES\Semestre 9\Compu Gráfica\Git\Proyecto\Proyecto-CG\ProyectoFinal\317144262_PROYECTOFINAL2024-1_GRUPO07.cpp(1295,18): warning C4244: 'inicializando': conversión de 'double' a 'GLfloat'; posible pérdida de datos
D:\FI UNAM SEMESTRES\Semestre 9\Compu Gráfica\Git\Proyecto\Proyecto-CG\ProyectoFinal\317144262_PROYECTOFINAL2024-1_GRUPO07.cpp(1296,18): warning C4244: 'inicializando': conversión de 'double' a 'GLfloat'; posible pérdida de datos
D:\FI UNAM SEMESTRES\Semestre 9\Compu Gráfica\Git\Proyecto\Proyecto-CG\ProyectoFinal\317144262_PROYECTOFINAL2024-1_GRUPO07.cpp(1298,10): warning C4244: '=': conversión de 'double' a 'GLfloat'; posible pérdida de datos
D:\FI UNAM SEMESTRES\Semestre 9\Compu Gráfica\Git\Proyecto\Proyecto-CG\ProyectoFinal\317144262_PROYECTOFINAL2024-1_GRUPO07.cpp(1299,10): warning C4244: '=': conversión de 'double' a 'GLfloat'; posible pérdida de datos
D:\FI UNAM SEMESTRES\Semestre 9\Compu Gráfica\Git\Proyecto\Proyecto-CG\ProyectoFinal\317144262_PROYECTOFINAL2024-1_GRUPO07.cpp(1351,23): warning C4305: '-=': truncamiento de 'double' a 'float'
D:\FI UNAM SEMESTRES\Semestre 9\Compu Gráfica\Git\Proyecto\Proyecto-CG\ProyectoFinal\317144262_PROYECTOFINAL2024-1_GRUPO07.cpp(1357,24): warning C4305: '+=': truncamiento de 'double' a 'float'
soil2-debug.lib(SOIL2.obj) : warning LNK4075: se omite '/EDITANDCONTINUE' debido a la especificación '/OPT:ICF'
LINK : warning LNK4098: la biblioteca predeterminada'MSVCRTD' entra en conflicto con otras bibliotecas; use la biblioteca /NODEFAULTLIB:biblioteca
  Generando código
  683 of 696 functions (98.1%) were compiled, the rest were copied from previous compilation.
    19 functions were new in current compilation
    2 functions had inline decision re-evaluated but remain unchanged
  Generación de código finalizada
soil2-debug.lib(etc1_utils.obj) : warning LNK4099: no se encontró PDB '' con 'soil2-debug.lib(etc1_utils.obj)' o en ''; se vinculará el objeto sin tener en cuenta información de depuración
soil2-debug.lib(image_DXT.obj) : warning LNK4099: no se encontró PDB '' con 'soil2-debug.lib(image_DXT.obj)' o en ''; se vinculará el objeto sin tener en cuenta información de depuración
soil2-debug.lib(image_helper.obj) : warning LNK4099: no se encontró PDB '' con 'soil2-debug.lib(image_helper.obj)' o en ''; se vinculará el objeto sin tener en cuenta información de depuración
soil2-debug.lib(SOIL2.obj) : warning LNK4099: no se encontró PDB '' con 'soil2-debug.lib(SOIL2.obj)' o en ''; se vinculará el objeto sin tener en cuenta información de depuración
  ProyectoFinal.vcxproj -> D:\FI UNAM SEMESTRES\Semestre 9\Compu Gráfica\Git\Proyecto\Proyecto-CG\Release\ProyectoFinal.exe
