  317144262_PROYECTOFINAL2024-1_GRUPO07.cpp
D:\FI UNAM SEMESTRES\Semestre 9\Compu Gráfica\Git\Proyecto\Proyecto-CG\ProyectoFinal\317144262_PROYECTOFINAL2024-1_GRUPO07.cpp(297,21): warning C4305: '+=': truncamiento de 'double' a 'float'
D:\FI UNAM SEMESTRES\Semestre 9\Compu Gráfica\Git\Proyecto\Proyecto-CG\ProyectoFinal\317144262_PROYECTOFINAL2024-1_GRUPO07.cpp(625,24): warning C4244: 'inicializando': conversión de 'double' a 'GLfloat'; posible pérdida de datos
D:\FI UNAM SEMESTRES\Semestre 9\Compu Gráfica\Git\Proyecto\Proyecto-CG\ProyectoFinal\317144262_PROYECTOFINAL2024-1_GRUPO07.cpp(1284,11): warning C4244: '=': conversión de 'double' a 'GLfloat'; posible pérdida de datos
D:\FI UNAM SEMESTRES\Semestre 9\Compu Gráfica\Git\Proyecto\Proyecto-CG\ProyectoFinal\317144262_PROYECTOFINAL2024-1_GRUPO07.cpp(1285,11): warning C4244: '=': conversión de 'double' a 'GLfloat'; posible pérdida de datos
D:\FI UNAM SEMESTRES\Semestre 9\Compu Gráfica\Git\Proyecto\Proyecto-CG\ProyectoFinal\317144262_PROYECTOFINAL2024-1_GRUPO07.cpp(1289,18): warning C4244: 'inicializando': conversión de 'double' a 'GLfloat'; posible pérdida de datos
D:\FI UNAM SEMESTRES\Semestre 9\Compu Gráfica\Git\Proyecto\Proyecto-CG\ProyectoFinal\317144262_PROYECTOFINAL2024-1_GRUPO07.cpp(1290,18): warning C4244: 'inicializando': conversión de 'double' a 'GLfloat'; posible pérdida de datos
D:\FI UNAM SEMESTRES\Semestre 9\Compu Gráfica\Git\Proyecto\Proyecto-CG\ProyectoFinal\317144262_PROYECTOFINAL2024-1_GRUPO07.cpp(1292,10): warning C4244: '=': conversión de 'double' a 'GLfloat'; posible pérdida de datos
D:\FI UNAM SEMESTRES\Semestre 9\Compu Gráfica\Git\Proyecto\Proyecto-CG\ProyectoFinal\317144262_PROYECTOFINAL2024-1_GRUPO07.cpp(1293,10): warning C4244: '=': conversión de 'double' a 'GLfloat'; posible pérdida de datos
D:\FI UNAM SEMESTRES\Semestre 9\Compu Gráfica\Git\Proyecto\Proyecto-CG\ProyectoFinal\317144262_PROYECTOFINAL2024-1_GRUPO07.cpp(1347,23): warning C4305: '-=': truncamiento de 'double' a 'float'
D:\FI UNAM SEMESTRES\Semestre 9\Compu Gráfica\Git\Proyecto\Proyecto-CG\ProyectoFinal\317144262_PROYECTOFINAL2024-1_GRUPO07.cpp(1353,24): warning C4305: '+=': truncamiento de 'double' a 'float'
D:\FI UNAM SEMESTRES\Semestre 9\Compu Gráfica\Git\Proyecto\Proyecto-CG\ProyectoFinal\317144262_PROYECTOFINAL2024-1_GRUPO07.cpp(1595,14): warning C4305: '+=': truncamiento de 'double' a 'float'
D:\FI UNAM SEMESTRES\Semestre 9\Compu Gráfica\Git\Proyecto\Proyecto-CG\ProyectoFinal\317144262_PROYECTOFINAL2024-1_GRUPO07.cpp(1597,14): warning C4305: '-=': truncamiento de 'double' a 'float'
D:\FI UNAM SEMESTRES\Semestre 9\Compu Gráfica\Git\Proyecto\Proyecto-CG\ProyectoFinal\317144262_PROYECTOFINAL2024-1_GRUPO07.cpp(1600,14): warning C4305: '-=': truncamiento de 'double' a 'float'
D:\FI UNAM SEMESTRES\Semestre 9\Compu Gráfica\Git\Proyecto\Proyecto-CG\ProyectoFinal\317144262_PROYECTOFINAL2024-1_GRUPO07.cpp(1603,14): warning C4305: '+=': truncamiento de 'double' a 'float'
D:\FI UNAM SEMESTRES\Semestre 9\Compu Gráfica\Git\Proyecto\Proyecto-CG\ProyectoFinal\317144262_PROYECTOFINAL2024-1_GRUPO07.cpp(1606,14): warning C4305: '-=': truncamiento de 'double' a 'float'
D:\FI UNAM SEMESTRES\Semestre 9\Compu Gráfica\Git\Proyecto\Proyecto-CG\ProyectoFinal\317144262_PROYECTOFINAL2024-1_GRUPO07.cpp(1608,14): warning C4305: '+=': truncamiento de 'double' a 'float'
D:\FI UNAM SEMESTRES\Semestre 9\Compu Gráfica\Git\Proyecto\Proyecto-CG\ProyectoFinal\317144262_PROYECTOFINAL2024-1_GRUPO07.cpp(1626,27): warning C4305: '+=': truncamiento de 'double' a 'float'
D:\FI UNAM SEMESTRES\Semestre 9\Compu Gráfica\Git\Proyecto\Proyecto-CG\ProyectoFinal\317144262_PROYECTOFINAL2024-1_GRUPO07.cpp(1633,27): warning C4305: '-=': truncamiento de 'double' a 'float'
D:\FI UNAM SEMESTRES\Semestre 9\Compu Gráfica\Git\Proyecto\Proyecto-CG\ProyectoFinal\317144262_PROYECTOFINAL2024-1_GRUPO07.cpp(1668,27): warning C4305: '+=': truncamiento de 'double' a 'float'
D:\FI UNAM SEMESTRES\Semestre 9\Compu Gráfica\Git\Proyecto\Proyecto-CG\ProyectoFinal\317144262_PROYECTOFINAL2024-1_GRUPO07.cpp(1675,27): warning C4305: '-=': truncamiento de 'double' a 'float'
D:\FI UNAM SEMESTRES\Semestre 9\Compu Gráfica\Git\Proyecto\Proyecto-CG\ProyectoFinal\317144262_PROYECTOFINAL2024-1_GRUPO07.cpp(1708,27): warning C4305: '+=': truncamiento de 'double' a 'float'
D:\FI UNAM SEMESTRES\Semestre 9\Compu Gráfica\Git\Proyecto\Proyecto-CG\ProyectoFinal\317144262_PROYECTOFINAL2024-1_GRUPO07.cpp(1714,27): warning C4305: '-=': truncamiento de 'double' a 'float'
LINK : warning LNK4098: la biblioteca predeterminada'MSVCRT' entra en conflicto con otras bibliotecas; use la biblioteca /NODEFAULTLIB:biblioteca
soil2-debug.lib(etc1_utils.obj) : warning LNK4099: no se encontró PDB '' con 'soil2-debug.lib(etc1_utils.obj)' o en ''; se vinculará el objeto sin tener en cuenta información de depuración
soil2-debug.lib(image_DXT.obj) : warning LNK4099: no se encontró PDB '' con 'soil2-debug.lib(image_DXT.obj)' o en ''; se vinculará el objeto sin tener en cuenta información de depuración
soil2-debug.lib(image_helper.obj) : warning LNK4099: no se encontró PDB '' con 'soil2-debug.lib(image_helper.obj)' o en ''; se vinculará el objeto sin tener en cuenta información de depuración
soil2-debug.lib(SOIL2.obj) : warning LNK4099: no se encontró PDB '' con 'soil2-debug.lib(SOIL2.obj)' o en ''; se vinculará el objeto sin tener en cuenta información de depuración
  ProyectoFinal.vcxproj -> D:\FI UNAM SEMESTRES\Semestre 9\Compu Gráfica\Git\Proyecto\Proyecto-CG\Debug\ProyectoFinal.exe
